This file contains any messages produced by compilers while
running configure, to aid debugging if configure makes a mistake.

It was created by configure, which was
generated by GNU Autoconf 2.69.  Invocation command line was

  $ ./configure --disable-apache --disable-java --disable-ruby --disable-csharp --disable-python --disable-perl --disable-compression CC=llvm-gcc

## --------- ##
## Platform. ##
## --------- ##

hostname = JRMBP.local
uname -m = x86_64
uname -r = 18.7.0
uname -s = Darwin
uname -v = Darwin Kernel Version 18.7.0: Thu Jun 20 18:42:21 PDT 2019; root:xnu-4903.270.47~4/RELEASE_X86_64

/usr/bin/uname -p = i386
/bin/uname -X     = unknown

/bin/arch              = unknown
/usr/bin/arch -k       = unknown
/usr/convex/getsysinfo = unknown
/usr/bin/hostinfo      = Mach kernel version:
	 Darwin Kernel Version 18.7.0: Thu Jun 20 18:42:21 PDT 2019; root:xnu-4903.270.47~4/RELEASE_X86_64
Kernel configured for up to 4 processors.
2 processors are physically available.
4 processors are logically available.
Processor type: x86_64h (Intel x86-64h Haswell)
Processors active: 0 1 2 3
Primary memory available: 8.00 gigabytes
Default processor set: 316 tasks, 1785 threads, 4 processors
Load average: 2.45, Mach factor: 1.70
/bin/machine           = unknown
/usr/bin/oslevel       = unknown
/bin/universe          = unknown

PATH: /usr/local/sbin
PATH: /Users/jackroehr/.poetry/bin
PATH: /opt/local/bin
PATH: /opt/local/sbin
PATH: /usr/local/opt/ruby/bin
PATH: /Users/jackroehr/perl5/bin
PATH: /usr/local/bin
PATH: /usr/bin
PATH: /bin
PATH: /usr/sbin
PATH: /sbin
PATH: /Library/TeX/texbin
PATH: /Applications/Wireshark.app/Contents/MacOS
PATH: /Users/jackroehr/Documents/v/
PATH: /Users/jackroehr/Downloads/clang+llvm-8.0.0-x86_64-apple-darwin/bin/


## ----------- ##
## Core tests. ##
## ----------- ##

configure:2359: checking for gcc
configure:2386: result: llvm-gcc
configure:2615: checking for C compiler version
configure:2624: llvm-gcc --version >&5
Apple LLVM version 10.0.1 (clang-1001.0.46.4)
Target: x86_64-apple-darwin18.7.0
Thread model: posix
InstalledDir: /Applications/Xcode.app/Contents/Developer/Toolchains/XcodeDefault.xctoolchain/usr/bin
configure:2635: $? = 0
configure:2624: llvm-gcc -v >&5
Apple LLVM version 10.0.1 (clang-1001.0.46.4)
Target: x86_64-apple-darwin18.7.0
Thread model: posix
InstalledDir: /Applications/Xcode.app/Contents/Developer/Toolchains/XcodeDefault.xctoolchain/usr/bin
configure:2635: $? = 0
configure:2624: llvm-gcc -V >&5
clang: error: unsupported option '-V -Wno-atomic-implicit-seq-cst'
clang: error: no input files
configure:2635: $? = 1
configure:2624: llvm-gcc -qversion >&5
clang: error: unknown argument '-qversion', did you mean '--version'?
clang: error: no input files
configure:2635: $? = 1
configure:2655: checking whether the C compiler works
configure:2677: llvm-gcc    conftest.c  >&5
configure:2681: $? = 0
configure:2729: result: yes
configure:2732: checking for C compiler default output file name
configure:2734: result: a.out
configure:2740: checking for suffix of executables
configure:2747: llvm-gcc -o conftest    conftest.c  >&5
configure:2751: $? = 0
configure:2773: result: 
configure:2795: checking whether we are cross compiling
configure:2803: llvm-gcc -o conftest    conftest.c  >&5
configure:2807: $? = 0
configure:2814: ./conftest
configure:2818: $? = 0
configure:2833: result: no
configure:2838: checking for suffix of object files
configure:2860: llvm-gcc -c   conftest.c >&5
configure:2864: $? = 0
configure:2885: result: o
configure:2889: checking whether we are using the GNU C compiler
configure:2908: llvm-gcc -c   conftest.c >&5
configure:2908: $? = 0
configure:2917: result: yes
configure:2926: checking whether llvm-gcc accepts -g
configure:2946: llvm-gcc -c -g  conftest.c >&5
configure:2946: $? = 0
configure:2987: result: yes
configure:3004: checking for llvm-gcc option to accept ISO C89
configure:3067: llvm-gcc  -c -g -O2  conftest.c >&5
configure:3067: $? = 0
configure:3080: result: none needed
configure:3105: checking how to run the C preprocessor
configure:3136: llvm-gcc -E  conftest.c
configure:3136: $? = 0
configure:3150: llvm-gcc -E  conftest.c
conftest.c:9:10: fatal error: 'ac_nonexistent.h' file not found
#include <ac_nonexistent.h>
         ^~~~~~~~~~~~~~~~~~
1 error generated.
configure:3150: $? = 1
configure: failed program was:
| /* confdefs.h */
| #define PACKAGE_NAME ""
| #define PACKAGE_TARNAME ""
| #define PACKAGE_VERSION ""
| #define PACKAGE_STRING ""
| #define PACKAGE_BUGREPORT ""
| #define PACKAGE_URL ""
| /* end confdefs.h.  */
| #include <ac_nonexistent.h>
configure:3175: result: llvm-gcc -E
configure:3195: llvm-gcc -E  conftest.c
configure:3195: $? = 0
configure:3209: llvm-gcc -E  conftest.c
conftest.c:9:10: fatal error: 'ac_nonexistent.h' file not found
#include <ac_nonexistent.h>
         ^~~~~~~~~~~~~~~~~~
1 error generated.
configure:3209: $? = 1
configure: failed program was:
| /* confdefs.h */
| #define PACKAGE_NAME ""
| #define PACKAGE_TARNAME ""
| #define PACKAGE_VERSION ""
| #define PACKAGE_STRING ""
| #define PACKAGE_BUGREPORT ""
| #define PACKAGE_URL ""
| /* end confdefs.h.  */
| #include <ac_nonexistent.h>
configure:3237: checking whether ln -s works
configure:3241: result: yes
configure:3252: checking for ar
configure:3268: found /usr/bin/ar
configure:3279: result: ar
configure:3334: checking for ranlib
configure:3350: found /usr/bin/ranlib
configure:3361: result: ranlib
configure:3384: checking whether make sets $(MAKE)
configure:3406: result: yes
configure:3458: checking for a BSD-compatible install
configure:3526: result: /usr/local/bin/ginstall -c
configure:3538: checking for Neotonic Paths
configure:3546: result: not found
configure:3554: checking for dirent.h that defines DIR
configure:3573: llvm-gcc -c -g -O2  conftest.c >&5
configure:3573: $? = 0
configure:3581: result: yes
configure:3594: checking for library containing opendir
configure:3625: llvm-gcc -o conftest -g -O2   conftest.c  >&5
configure:3625: $? = 0
configure:3642: result: none required
configure:3710: checking for grep that handles long lines and -e
configure:3768: result: /usr/bin/grep
configure:3773: checking for egrep
configure:3835: result: /usr/bin/grep -E
configure:3840: checking for ANSI C header files
configure:3860: llvm-gcc -c -g -O2  conftest.c >&5
configure:3860: $? = 0
configure:3933: llvm-gcc -o conftest -g -O2   conftest.c  >&5
configure:3933: $? = 0
configure:3933: ./conftest
configure:3933: $? = 0
configure:3944: result: yes
configure:3952: checking for sys/wait.h that is POSIX.1 compatible
configure:3978: llvm-gcc -c -g -O2  conftest.c >&5
configure:3978: $? = 0
configure:3985: result: yes
configure:3998: checking for sys/types.h
configure:3998: llvm-gcc -c -g -O2  conftest.c >&5
configure:3998: $? = 0
configure:3998: result: yes
configure:3998: checking for sys/stat.h
configure:3998: llvm-gcc -c -g -O2  conftest.c >&5
configure:3998: $? = 0
configure:3998: result: yes
configure:3998: checking for stdlib.h
configure:3998: llvm-gcc -c -g -O2  conftest.c >&5
configure:3998: $? = 0
configure:3998: result: yes
configure:3998: checking for string.h
configure:3998: llvm-gcc -c -g -O2  conftest.c >&5
configure:3998: $? = 0
configure:3998: result: yes
configure:3998: checking for memory.h
configure:3998: llvm-gcc -c -g -O2  conftest.c >&5
configure:3998: $? = 0
configure:3998: result: yes
configure:3998: checking for strings.h
configure:3998: llvm-gcc -c -g -O2  conftest.c >&5
configure:3998: $? = 0
configure:3998: result: yes
configure:3998: checking for inttypes.h
configure:3998: llvm-gcc -c -g -O2  conftest.c >&5
configure:3998: $? = 0
configure:3998: result: yes
configure:3998: checking for stdint.h
configure:3998: llvm-gcc -c -g -O2  conftest.c >&5
configure:3998: $? = 0
configure:3998: result: yes
configure:3998: checking for unistd.h
configure:3998: llvm-gcc -c -g -O2  conftest.c >&5
configure:3998: $? = 0
configure:3998: result: yes
configure:4013: checking fcntl.h usability
configure:4013: llvm-gcc -c -g -O2  conftest.c >&5
configure:4013: $? = 0
configure:4013: result: yes
configure:4013: checking fcntl.h presence
configure:4013: llvm-gcc -E  conftest.c
configure:4013: $? = 0
configure:4013: result: yes
configure:4013: checking for fcntl.h
configure:4013: result: yes
configure:4013: checking stdarg.h usability
configure:4013: llvm-gcc -c -g -O2  conftest.c >&5
configure:4013: $? = 0
configure:4013: result: yes
configure:4013: checking stdarg.h presence
configure:4013: llvm-gcc -E  conftest.c
configure:4013: $? = 0
configure:4013: result: yes
configure:4013: checking for stdarg.h
configure:4013: result: yes
configure:4013: checking varargs.h usability
configure:4013: llvm-gcc -c -g -O2  conftest.c >&5
In file included from conftest.c:56:
/Applications/Xcode.app/Contents/Developer/Toolchains/XcodeDefault.xctoolchain/usr/lib/clang/10.0.1/include/varargs.h:25:4: error: "Please use <stdarg.h> instead of <varargs.h>"
  #error "Please use <stdarg.h> instead of <varargs.h>"
   ^
1 error generated.
configure:4013: $? = 1
configure: failed program was:
| /* confdefs.h */
| #define PACKAGE_NAME ""
| #define PACKAGE_TARNAME ""
| #define PACKAGE_VERSION ""
| #define PACKAGE_STRING ""
| #define PACKAGE_BUGREPORT ""
| #define PACKAGE_URL ""
| #define HAVE_DIRENT_H 1
| #define STDC_HEADERS 1
| #define HAVE_SYS_WAIT_H 1
| #define HAVE_SYS_TYPES_H 1
| #define HAVE_SYS_STAT_H 1
| #define HAVE_STDLIB_H 1
| #define HAVE_STRING_H 1
| #define HAVE_MEMORY_H 1
| #define HAVE_STRINGS_H 1
| #define HAVE_INTTYPES_H 1
| #define HAVE_STDINT_H 1
| #define HAVE_UNISTD_H 1
| #define HAVE_FCNTL_H 1
| #define HAVE_STDARG_H 1
| /* end confdefs.h.  */
| #include <stdio.h>
| #ifdef HAVE_SYS_TYPES_H
| # include <sys/types.h>
| #endif
| #ifdef HAVE_SYS_STAT_H
| # include <sys/stat.h>
| #endif
| #ifdef STDC_HEADERS
| # include <stdlib.h>
| # include <stddef.h>
| #else
| # ifdef HAVE_STDLIB_H
| #  include <stdlib.h>
| # endif
| #endif
| #ifdef HAVE_STRING_H
| # if !defined STDC_HEADERS && defined HAVE_MEMORY_H
| #  include <memory.h>
| # endif
| # include <string.h>
| #endif
| #ifdef HAVE_STRINGS_H
| # include <strings.h>
| #endif
| #ifdef HAVE_INTTYPES_H
| # include <inttypes.h>
| #endif
| #ifdef HAVE_STDINT_H
| # include <stdint.h>
| #endif
| #ifdef HAVE_UNISTD_H
| # include <unistd.h>
| #endif
| #include <varargs.h>
configure:4013: result: no
configure:4013: checking varargs.h presence
configure:4013: llvm-gcc -E  conftest.c
In file included from conftest.c:23:
/Applications/Xcode.app/Contents/Developer/Toolchains/XcodeDefault.xctoolchain/usr/lib/clang/10.0.1/include/varargs.h:25:4: error: "Please use <stdarg.h> instead of <varargs.h>"
  #error "Please use <stdarg.h> instead of <varargs.h>"
   ^
1 error generated.
configure:4013: $? = 1
configure: failed program was:
| /* confdefs.h */
| #define PACKAGE_NAME ""
| #define PACKAGE_TARNAME ""
| #define PACKAGE_VERSION ""
| #define PACKAGE_STRING ""
| #define PACKAGE_BUGREPORT ""
| #define PACKAGE_URL ""
| #define HAVE_DIRENT_H 1
| #define STDC_HEADERS 1
| #define HAVE_SYS_WAIT_H 1
| #define HAVE_SYS_TYPES_H 1
| #define HAVE_SYS_STAT_H 1
| #define HAVE_STDLIB_H 1
| #define HAVE_STRING_H 1
| #define HAVE_MEMORY_H 1
| #define HAVE_STRINGS_H 1
| #define HAVE_INTTYPES_H 1
| #define HAVE_STDINT_H 1
| #define HAVE_UNISTD_H 1
| #define HAVE_FCNTL_H 1
| #define HAVE_STDARG_H 1
| /* end confdefs.h.  */
| #include <varargs.h>
configure:4013: result: no
configure:4013: checking for varargs.h
configure:4013: result: no
configure:4013: checking limits.h usability
configure:4013: llvm-gcc -c -g -O2  conftest.c >&5
configure:4013: $? = 0
configure:4013: result: yes
configure:4013: checking limits.h presence
configure:4013: llvm-gcc -E  conftest.c
configure:4013: $? = 0
configure:4013: result: yes
configure:4013: checking for limits.h
configure:4013: result: yes
configure:4013: checking for strings.h
configure:4013: result: yes
configure:4013: checking sys/ioctl.h usability
configure:4013: llvm-gcc -c -g -O2  conftest.c >&5
configure:4013: $? = 0
configure:4013: result: yes
configure:4013: checking sys/ioctl.h presence
configure:4013: llvm-gcc -E  conftest.c
configure:4013: $? = 0
configure:4013: result: yes
configure:4013: checking for sys/ioctl.h
configure:4013: result: yes
configure:4013: checking sys/time.h usability
configure:4013: llvm-gcc -c -g -O2  conftest.c >&5
configure:4013: $? = 0
configure:4013: result: yes
configure:4013: checking sys/time.h presence
configure:4013: llvm-gcc -E  conftest.c
configure:4013: $? = 0
configure:4013: result: yes
configure:4013: checking for sys/time.h
configure:4013: result: yes
configure:4013: checking for unistd.h
configure:4013: result: yes
configure:4013: checking features.h usability
configure:4013: llvm-gcc -c -g -O2  conftest.c >&5
conftest.c:61:10: fatal error: 'features.h' file not found
#include <features.h>
         ^~~~~~~~~~~~
1 error generated.
configure:4013: $? = 1
configure: failed program was:
| /* confdefs.h */
| #define PACKAGE_NAME ""
| #define PACKAGE_TARNAME ""
| #define PACKAGE_VERSION ""
| #define PACKAGE_STRING ""
| #define PACKAGE_BUGREPORT ""
| #define PACKAGE_URL ""
| #define HAVE_DIRENT_H 1
| #define STDC_HEADERS 1
| #define HAVE_SYS_WAIT_H 1
| #define HAVE_SYS_TYPES_H 1
| #define HAVE_SYS_STAT_H 1
| #define HAVE_STDLIB_H 1
| #define HAVE_STRING_H 1
| #define HAVE_MEMORY_H 1
| #define HAVE_STRINGS_H 1
| #define HAVE_INTTYPES_H 1
| #define HAVE_STDINT_H 1
| #define HAVE_UNISTD_H 1
| #define HAVE_FCNTL_H 1
| #define HAVE_STDARG_H 1
| #define HAVE_LIMITS_H 1
| #define HAVE_STRINGS_H 1
| #define HAVE_SYS_IOCTL_H 1
| #define HAVE_SYS_TIME_H 1
| #define HAVE_UNISTD_H 1
| /* end confdefs.h.  */
| #include <stdio.h>
| #ifdef HAVE_SYS_TYPES_H
| # include <sys/types.h>
| #endif
| #ifdef HAVE_SYS_STAT_H
| # include <sys/stat.h>
| #endif
| #ifdef STDC_HEADERS
| # include <stdlib.h>
| # include <stddef.h>
| #else
| # ifdef HAVE_STDLIB_H
| #  include <stdlib.h>
| # endif
| #endif
| #ifdef HAVE_STRING_H
| # if !defined STDC_HEADERS && defined HAVE_MEMORY_H
| #  include <memory.h>
| # endif
| # include <string.h>
| #endif
| #ifdef HAVE_STRINGS_H
| # include <strings.h>
| #endif
| #ifdef HAVE_INTTYPES_H
| # include <inttypes.h>
| #endif
| #ifdef HAVE_STDINT_H
| # include <stdint.h>
| #endif
| #ifdef HAVE_UNISTD_H
| # include <unistd.h>
| #endif
| #include <features.h>
configure:4013: result: no
configure:4013: checking features.h presence
configure:4013: llvm-gcc -E  conftest.c
conftest.c:28:10: fatal error: 'features.h' file not found
#include <features.h>
         ^~~~~~~~~~~~
1 error generated.
configure:4013: $? = 1
configure: failed program was:
| /* confdefs.h */
| #define PACKAGE_NAME ""
| #define PACKAGE_TARNAME ""
| #define PACKAGE_VERSION ""
| #define PACKAGE_STRING ""
| #define PACKAGE_BUGREPORT ""
| #define PACKAGE_URL ""
| #define HAVE_DIRENT_H 1
| #define STDC_HEADERS 1
| #define HAVE_SYS_WAIT_H 1
| #define HAVE_SYS_TYPES_H 1
| #define HAVE_SYS_STAT_H 1
| #define HAVE_STDLIB_H 1
| #define HAVE_STRING_H 1
| #define HAVE_MEMORY_H 1
| #define HAVE_STRINGS_H 1
| #define HAVE_INTTYPES_H 1
| #define HAVE_STDINT_H 1
| #define HAVE_UNISTD_H 1
| #define HAVE_FCNTL_H 1
| #define HAVE_STDARG_H 1
| #define HAVE_LIMITS_H 1
| #define HAVE_STRINGS_H 1
| #define HAVE_SYS_IOCTL_H 1
| #define HAVE_SYS_TIME_H 1
| #define HAVE_UNISTD_H 1
| /* end confdefs.h.  */
| #include <features.h>
configure:4013: result: no
configure:4013: checking for features.h
configure:4013: result: no
configure:4024: checking for an ANSI C-conforming const
configure:4090: llvm-gcc -c -g -O2  conftest.c >&5
configure:4090: $? = 0
configure:4097: result: yes
configure:4105: checking for mode_t
configure:4105: llvm-gcc -c -g -O2  conftest.c >&5
configure:4105: $? = 0
configure:4105: llvm-gcc -c -g -O2  conftest.c >&5
conftest.c:64:21: error: expected expression
if (sizeof ((mode_t)))
                    ^
1 error generated.
configure:4105: $? = 1
configure: failed program was:
| /* confdefs.h */
| #define PACKAGE_NAME ""
| #define PACKAGE_TARNAME ""
| #define PACKAGE_VERSION ""
| #define PACKAGE_STRING ""
| #define PACKAGE_BUGREPORT ""
| #define PACKAGE_URL ""
| #define HAVE_DIRENT_H 1
| #define STDC_HEADERS 1
| #define HAVE_SYS_WAIT_H 1
| #define HAVE_SYS_TYPES_H 1
| #define HAVE_SYS_STAT_H 1
| #define HAVE_STDLIB_H 1
| #define HAVE_STRING_H 1
| #define HAVE_MEMORY_H 1
| #define HAVE_STRINGS_H 1
| #define HAVE_INTTYPES_H 1
| #define HAVE_STDINT_H 1
| #define HAVE_UNISTD_H 1
| #define HAVE_FCNTL_H 1
| #define HAVE_STDARG_H 1
| #define HAVE_LIMITS_H 1
| #define HAVE_STRINGS_H 1
| #define HAVE_SYS_IOCTL_H 1
| #define HAVE_SYS_TIME_H 1
| #define HAVE_UNISTD_H 1
| /* end confdefs.h.  */
| #include <stdio.h>
| #ifdef HAVE_SYS_TYPES_H
| # include <sys/types.h>
| #endif
| #ifdef HAVE_SYS_STAT_H
| # include <sys/stat.h>
| #endif
| #ifdef STDC_HEADERS
| # include <stdlib.h>
| # include <stddef.h>
| #else
| # ifdef HAVE_STDLIB_H
| #  include <stdlib.h>
| # endif
| #endif
| #ifdef HAVE_STRING_H
| # if !defined STDC_HEADERS && defined HAVE_MEMORY_H
| #  include <memory.h>
| # endif
| # include <string.h>
| #endif
| #ifdef HAVE_STRINGS_H
| # include <strings.h>
| #endif
| #ifdef HAVE_INTTYPES_H
| # include <inttypes.h>
| #endif
| #ifdef HAVE_STDINT_H
| # include <stdint.h>
| #endif
| #ifdef HAVE_UNISTD_H
| # include <unistd.h>
| #endif
| int
| main ()
| {
| if (sizeof ((mode_t)))
| 	    return 0;
|   ;
|   return 0;
| }
configure:4105: result: yes
configure:4116: checking for off_t
configure:4116: llvm-gcc -c -g -O2  conftest.c >&5
configure:4116: $? = 0
configure:4116: llvm-gcc -c -g -O2  conftest.c >&5
conftest.c:64:20: error: expected expression
if (sizeof ((off_t)))
                   ^
1 error generated.
configure:4116: $? = 1
configure: failed program was:
| /* confdefs.h */
| #define PACKAGE_NAME ""
| #define PACKAGE_TARNAME ""
| #define PACKAGE_VERSION ""
| #define PACKAGE_STRING ""
| #define PACKAGE_BUGREPORT ""
| #define PACKAGE_URL ""
| #define HAVE_DIRENT_H 1
| #define STDC_HEADERS 1
| #define HAVE_SYS_WAIT_H 1
| #define HAVE_SYS_TYPES_H 1
| #define HAVE_SYS_STAT_H 1
| #define HAVE_STDLIB_H 1
| #define HAVE_STRING_H 1
| #define HAVE_MEMORY_H 1
| #define HAVE_STRINGS_H 1
| #define HAVE_INTTYPES_H 1
| #define HAVE_STDINT_H 1
| #define HAVE_UNISTD_H 1
| #define HAVE_FCNTL_H 1
| #define HAVE_STDARG_H 1
| #define HAVE_LIMITS_H 1
| #define HAVE_STRINGS_H 1
| #define HAVE_SYS_IOCTL_H 1
| #define HAVE_SYS_TIME_H 1
| #define HAVE_UNISTD_H 1
| /* end confdefs.h.  */
| #include <stdio.h>
| #ifdef HAVE_SYS_TYPES_H
| # include <sys/types.h>
| #endif
| #ifdef HAVE_SYS_STAT_H
| # include <sys/stat.h>
| #endif
| #ifdef STDC_HEADERS
| # include <stdlib.h>
| # include <stddef.h>
| #else
| # ifdef HAVE_STDLIB_H
| #  include <stdlib.h>
| # endif
| #endif
| #ifdef HAVE_STRING_H
| # if !defined STDC_HEADERS && defined HAVE_MEMORY_H
| #  include <memory.h>
| # endif
| # include <string.h>
| #endif
| #ifdef HAVE_STRINGS_H
| # include <strings.h>
| #endif
| #ifdef HAVE_INTTYPES_H
| # include <inttypes.h>
| #endif
| #ifdef HAVE_STDINT_H
| # include <stdint.h>
| #endif
| #ifdef HAVE_UNISTD_H
| # include <unistd.h>
| #endif
| int
| main ()
| {
| if (sizeof ((off_t)))
| 	    return 0;
|   ;
|   return 0;
| }
configure:4116: result: yes
configure:4127: checking for pid_t
configure:4127: llvm-gcc -c -g -O2  conftest.c >&5
configure:4127: $? = 0
configure:4127: llvm-gcc -c -g -O2  conftest.c >&5
conftest.c:64:20: error: expected expression
if (sizeof ((pid_t)))
                   ^
1 error generated.
configure:4127: $? = 1
configure: failed program was:
| /* confdefs.h */
| #define PACKAGE_NAME ""
| #define PACKAGE_TARNAME ""
| #define PACKAGE_VERSION ""
| #define PACKAGE_STRING ""
| #define PACKAGE_BUGREPORT ""
| #define PACKAGE_URL ""
| #define HAVE_DIRENT_H 1
| #define STDC_HEADERS 1
| #define HAVE_SYS_WAIT_H 1
| #define HAVE_SYS_TYPES_H 1
| #define HAVE_SYS_STAT_H 1
| #define HAVE_STDLIB_H 1
| #define HAVE_STRING_H 1
| #define HAVE_MEMORY_H 1
| #define HAVE_STRINGS_H 1
| #define HAVE_INTTYPES_H 1
| #define HAVE_STDINT_H 1
| #define HAVE_UNISTD_H 1
| #define HAVE_FCNTL_H 1
| #define HAVE_STDARG_H 1
| #define HAVE_LIMITS_H 1
| #define HAVE_STRINGS_H 1
| #define HAVE_SYS_IOCTL_H 1
| #define HAVE_SYS_TIME_H 1
| #define HAVE_UNISTD_H 1
| /* end confdefs.h.  */
| #include <stdio.h>
| #ifdef HAVE_SYS_TYPES_H
| # include <sys/types.h>
| #endif
| #ifdef HAVE_SYS_STAT_H
| # include <sys/stat.h>
| #endif
| #ifdef STDC_HEADERS
| # include <stdlib.h>
| # include <stddef.h>
| #else
| # ifdef HAVE_STDLIB_H
| #  include <stdlib.h>
| # endif
| #endif
| #ifdef HAVE_STRING_H
| # if !defined STDC_HEADERS && defined HAVE_MEMORY_H
| #  include <memory.h>
| # endif
| # include <string.h>
| #endif
| #ifdef HAVE_STRINGS_H
| # include <strings.h>
| #endif
| #ifdef HAVE_INTTYPES_H
| # include <inttypes.h>
| #endif
| #ifdef HAVE_STDINT_H
| # include <stdint.h>
| #endif
| #ifdef HAVE_UNISTD_H
| # include <unistd.h>
| #endif
| int
| main ()
| {
| if (sizeof ((pid_t)))
| 	    return 0;
|   ;
|   return 0;
| }
configure:4127: result: yes
configure:4138: checking for size_t
configure:4138: llvm-gcc -c -g -O2  conftest.c >&5
configure:4138: $? = 0
configure:4138: llvm-gcc -c -g -O2  conftest.c >&5
conftest.c:64:21: error: expected expression
if (sizeof ((size_t)))
                    ^
1 error generated.
configure:4138: $? = 1
configure: failed program was:
| /* confdefs.h */
| #define PACKAGE_NAME ""
| #define PACKAGE_TARNAME ""
| #define PACKAGE_VERSION ""
| #define PACKAGE_STRING ""
| #define PACKAGE_BUGREPORT ""
| #define PACKAGE_URL ""
| #define HAVE_DIRENT_H 1
| #define STDC_HEADERS 1
| #define HAVE_SYS_WAIT_H 1
| #define HAVE_SYS_TYPES_H 1
| #define HAVE_SYS_STAT_H 1
| #define HAVE_STDLIB_H 1
| #define HAVE_STRING_H 1
| #define HAVE_MEMORY_H 1
| #define HAVE_STRINGS_H 1
| #define HAVE_INTTYPES_H 1
| #define HAVE_STDINT_H 1
| #define HAVE_UNISTD_H 1
| #define HAVE_FCNTL_H 1
| #define HAVE_STDARG_H 1
| #define HAVE_LIMITS_H 1
| #define HAVE_STRINGS_H 1
| #define HAVE_SYS_IOCTL_H 1
| #define HAVE_SYS_TIME_H 1
| #define HAVE_UNISTD_H 1
| /* end confdefs.h.  */
| #include <stdio.h>
| #ifdef HAVE_SYS_TYPES_H
| # include <sys/types.h>
| #endif
| #ifdef HAVE_SYS_STAT_H
| # include <sys/stat.h>
| #endif
| #ifdef STDC_HEADERS
| # include <stdlib.h>
| # include <stddef.h>
| #else
| # ifdef HAVE_STDLIB_H
| #  include <stdlib.h>
| # endif
| #endif
| #ifdef HAVE_STRING_H
| # if !defined STDC_HEADERS && defined HAVE_MEMORY_H
| #  include <memory.h>
| # endif
| # include <string.h>
| #endif
| #ifdef HAVE_STRINGS_H
| # include <strings.h>
| #endif
| #ifdef HAVE_INTTYPES_H
| # include <inttypes.h>
| #endif
| #ifdef HAVE_STDINT_H
| # include <stdint.h>
| #endif
| #ifdef HAVE_UNISTD_H
| # include <unistd.h>
| #endif
| int
| main ()
| {
| if (sizeof ((size_t)))
| 	    return 0;
|   ;
|   return 0;
| }
configure:4138: result: yes
configure:4149: checking whether time.h and sys/time.h may both be included
configure:4169: llvm-gcc -c -g -O2  conftest.c >&5
configure:4169: $? = 0
configure:4176: result: yes
configure:4184: checking whether struct tm is in sys/time.h or time.h
configure:4204: llvm-gcc -c -g -O2  conftest.c >&5
configure:4204: $? = 0
configure:4211: result: time.h
configure:4219: checking for struct tm.tm_zone
configure:4219: llvm-gcc -c -g -O2  conftest.c >&5
configure:4219: $? = 0
configure:4219: result: yes
configure:4287: checking return type of signal handlers
configure:4305: llvm-gcc -c -g -O2  conftest.c >&5
conftest.c:37:8: error: indirection requires pointer operand ('void' invalid)
return *(signal (0, 0)) (0) == 1;
       ^~~~~~~~~~~~~~~~~~~~
1 error generated.
configure:4305: $? = 1
configure: failed program was:
| /* confdefs.h */
| #define PACKAGE_NAME ""
| #define PACKAGE_TARNAME ""
| #define PACKAGE_VERSION ""
| #define PACKAGE_STRING ""
| #define PACKAGE_BUGREPORT ""
| #define PACKAGE_URL ""
| #define HAVE_DIRENT_H 1
| #define STDC_HEADERS 1
| #define HAVE_SYS_WAIT_H 1
| #define HAVE_SYS_TYPES_H 1
| #define HAVE_SYS_STAT_H 1
| #define HAVE_STDLIB_H 1
| #define HAVE_STRING_H 1
| #define HAVE_MEMORY_H 1
| #define HAVE_STRINGS_H 1
| #define HAVE_INTTYPES_H 1
| #define HAVE_STDINT_H 1
| #define HAVE_UNISTD_H 1
| #define HAVE_FCNTL_H 1
| #define HAVE_STDARG_H 1
| #define HAVE_LIMITS_H 1
| #define HAVE_STRINGS_H 1
| #define HAVE_SYS_IOCTL_H 1
| #define HAVE_SYS_TIME_H 1
| #define HAVE_UNISTD_H 1
| #define TIME_WITH_SYS_TIME 1
| #define HAVE_STRUCT_TM_TM_ZONE 1
| #define HAVE_TM_ZONE 1
| /* end confdefs.h.  */
| #include <sys/types.h>
| #include <signal.h>
| 
| int
| main ()
| {
| return *(signal (0, 0)) (0) == 1;
|   ;
|   return 0;
| }
configure:4312: result: void
configure:4322: checking for strftime
configure:4322: llvm-gcc -o conftest -g -O2   conftest.c  >&5
configure:4322: $? = 0
configure:4322: result: yes
configure:4377: checking for vprintf
configure:4377: llvm-gcc -o conftest -g -O2   conftest.c  >&5
conftest.c:56:6: warning: incompatible redeclaration of library function 'vprintf' [-Wincompatible-library-redeclaration]
char vprintf ();
     ^
conftest.c:56:6: note: 'vprintf' is a builtin with type 'int (const char *, struct __va_list_tag *)'
1 warning generated.
configure:4377: $? = 0
configure:4377: result: yes
configure:4383: checking for _doprnt
configure:4383: llvm-gcc -o conftest -g -O2   conftest.c  >&5
Undefined symbols for architecture x86_64:
  "__doprnt", referenced from:
      _main in conftest-e3003a.o
ld: symbol(s) not found for architecture x86_64
clang: error: linker command failed with exit code 1 (use -v to see invocation)
configure:4383: $? = 1
configure: failed program was:
| /* confdefs.h */
| #define PACKAGE_NAME ""
| #define PACKAGE_TARNAME ""
| #define PACKAGE_VERSION ""
| #define PACKAGE_STRING ""
| #define PACKAGE_BUGREPORT ""
| #define PACKAGE_URL ""
| #define HAVE_DIRENT_H 1
| #define STDC_HEADERS 1
| #define HAVE_SYS_WAIT_H 1
| #define HAVE_SYS_TYPES_H 1
| #define HAVE_SYS_STAT_H 1
| #define HAVE_STDLIB_H 1
| #define HAVE_STRING_H 1
| #define HAVE_MEMORY_H 1
| #define HAVE_STRINGS_H 1
| #define HAVE_INTTYPES_H 1
| #define HAVE_STDINT_H 1
| #define HAVE_UNISTD_H 1
| #define HAVE_FCNTL_H 1
| #define HAVE_STDARG_H 1
| #define HAVE_LIMITS_H 1
| #define HAVE_STRINGS_H 1
| #define HAVE_SYS_IOCTL_H 1
| #define HAVE_SYS_TIME_H 1
| #define HAVE_UNISTD_H 1
| #define TIME_WITH_SYS_TIME 1
| #define HAVE_STRUCT_TM_TM_ZONE 1
| #define HAVE_TM_ZONE 1
| #define RETSIGTYPE void
| #define HAVE_STRFTIME 1
| #define HAVE_VPRINTF 1
| /* end confdefs.h.  */
| /* Define _doprnt to an innocuous variant, in case <limits.h> declares _doprnt.
|    For example, HP-UX 11i <limits.h> declares gettimeofday.  */
| #define _doprnt innocuous__doprnt
| 
| /* System header to define __stub macros and hopefully few prototypes,
|     which can conflict with char _doprnt (); below.
|     Prefer <limits.h> to <assert.h> if __STDC__ is defined, since
|     <limits.h> exists even on freestanding compilers.  */
| 
| #ifdef __STDC__
| # include <limits.h>
| #else
| # include <assert.h>
| #endif
| 
| #undef _doprnt
| 
| /* Override any GCC internal prototype to avoid an error.
|    Use char because int might match the return type of a GCC
|    builtin and then its argument prototype would still apply.  */
| #ifdef __cplusplus
| extern "C"
| #endif
| char _doprnt ();
| /* The GNU C library defines this for functions which it implements
|     to always fail with ENOSYS.  Some functions are actually named
|     something starting with __ and the normal name is an alias.  */
| #if defined __stub__doprnt || defined __stub____doprnt
| choke me
| #endif
| 
| int
| main ()
| {
| return _doprnt ();
|   ;
|   return 0;
| }
configure:4383: result: no
configure:4394: checking for wait3 that fills in rusage
configure:4440: llvm-gcc -o conftest -g -O2   conftest.c  >&5
configure:4440: $? = 0
configure:4440: ./conftest
configure:4440: $? = 0
configure:4450: result: yes
configure:4461: checking for gettimeofday
configure:4461: llvm-gcc -o conftest -g -O2   conftest.c  >&5
configure:4461: $? = 0
configure:4461: result: yes
configure:4461: checking for mktime
configure:4461: llvm-gcc -o conftest -g -O2   conftest.c  >&5
configure:4461: $? = 0
configure:4461: result: yes
configure:4461: checking for putenv
configure:4461: llvm-gcc -o conftest -g -O2   conftest.c  >&5
configure:4461: $? = 0
configure:4461: result: yes
configure:4461: checking for strerror
configure:4461: llvm-gcc -o conftest -g -O2   conftest.c  >&5
conftest.c:61:6: warning: incompatible redeclaration of library function 'strerror' [-Wincompatible-library-redeclaration]
char strerror ();
     ^
conftest.c:61:6: note: 'strerror' is a builtin with type 'char *(int)'
1 warning generated.
configure:4461: $? = 0
configure:4461: result: yes
configure:4461: checking for strspn
configure:4461: llvm-gcc -o conftest -g -O2   conftest.c  >&5
conftest.c:62:6: warning: incompatible redeclaration of library function 'strspn' [-Wincompatible-library-redeclaration]
char strspn ();
     ^
conftest.c:62:6: note: 'strspn' is a builtin with type 'unsigned long (const char *, const char *)'
1 warning generated.
configure:4461: $? = 0
configure:4461: result: yes
configure:4461: checking for strtod
configure:4461: llvm-gcc -o conftest -g -O2   conftest.c  >&5
conftest.c:63:6: warning: incompatible redeclaration of library function 'strtod' [-Wincompatible-library-redeclaration]
char strtod ();
     ^
conftest.c:63:6: note: 'strtod' is a builtin with type 'double (const char *, char **)'
1 warning generated.
configure:4461: $? = 0
configure:4461: result: yes
configure:4461: checking for strtol
configure:4461: llvm-gcc -o conftest -g -O2   conftest.c  >&5
conftest.c:64:6: warning: incompatible redeclaration of library function 'strtol' [-Wincompatible-library-redeclaration]
char strtol ();
     ^
conftest.c:64:6: note: 'strtol' is a builtin with type 'long (const char *, char **, int)'
1 warning generated.
configure:4461: $? = 0
configure:4461: result: yes
configure:4461: checking for strtoul
configure:4461: llvm-gcc -o conftest -g -O2   conftest.c  >&5
conftest.c:65:6: warning: incompatible redeclaration of library function 'strtoul' [-Wincompatible-library-redeclaration]
char strtoul ();
     ^
conftest.c:65:6: note: 'strtoul' is a builtin with type 'unsigned long (const char *, char **, int)'
1 warning generated.
configure:4461: $? = 0
configure:4461: result: yes
configure:4473: checking for random
configure:4473: llvm-gcc -o conftest -g -O2   conftest.c  >&5
configure:4473: $? = 0
configure:4473: result: yes
configure:4473: checking for rand
configure:4473: llvm-gcc -o conftest -g -O2   conftest.c  >&5
configure:4473: $? = 0
configure:4473: result: yes
configure:4473: checking for drand48
configure:4473: llvm-gcc -o conftest -g -O2   conftest.c  >&5
configure:4473: $? = 0
configure:4473: result: yes
configure:4489: result: Disabling wdb code
configure:4557: checking for lockf
configure:4557: llvm-gcc -o conftest -g -O2   conftest.c  >&5
configure:4557: $? = 0
configure:4557: result: yes
configure:4565: checking pthread.h usability
configure:4565: llvm-gcc -c -g -O2  conftest.c >&5
configure:4565: $? = 0
configure:4565: result: yes
configure:4565: checking pthread.h presence
configure:4565: llvm-gcc -E  conftest.c
configure:4565: $? = 0
configure:4565: result: yes
configure:4565: checking for pthread.h
configure:4565: result: yes
configure:4584: checking build system type
configure:4598: result: i386-apple-darwin18.7.0
configure:4618: checking host system type
configure:4631: result: i386-apple-darwin18.7.0
configure:4666: checking for snprintf
configure:4666: llvm-gcc -o conftest -g -O2   conftest.c  >&5
conftest.c:71:6: warning: incompatible redeclaration of library function 'snprintf' [-Wincompatible-library-redeclaration]
char snprintf ();
     ^
conftest.c:71:6: note: 'snprintf' is a builtin with type 'int (char *, unsigned long, const char *, ...)'
1 warning generated.
configure:4666: $? = 0
configure:4666: result: yes
configure:4674: checking for vsnprintf
configure:4674: llvm-gcc -o conftest -g -O2   conftest.c  >&5
conftest.c:72:6: warning: incompatible redeclaration of library function 'vsnprintf' [-Wincompatible-library-redeclaration]
char vsnprintf ();
     ^
conftest.c:72:6: note: 'vsnprintf' is a builtin with type 'int (char *, unsigned long, const char *, struct __va_list_tag *)'
1 warning generated.
configure:4674: $? = 0
configure:4674: result: yes
configure:4691: checking for localtime_r
configure:4691: llvm-gcc -o conftest -g -O2   conftest.c  >&5
configure:4691: $? = 0
configure:4691: result: yes
configure:4697: checking whether localtime_r is declared
configure:4709: result: yes
configure:4748: checking for gmtime_r
configure:4748: llvm-gcc -o conftest -g -O2   conftest.c  >&5
configure:4748: $? = 0
configure:4748: result: yes
configure:4754: checking whether gmtime_r is declared
configure:4766: result: yes
configure:4805: checking for strtok_r
configure:4805: llvm-gcc -o conftest -g -O2   conftest.c  >&5
configure:4805: $? = 0
configure:4805: result: yes
configure:4811: checking whether strtok_r is declared
configure:4823: result: yes
configure:4860: checking for mkstemp
configure:4860: llvm-gcc -o conftest -g -O2   conftest.c  >&5
configure:4860: $? = 0
configure:4860: result: yes
configure:4876: checking for regexec
configure:4876: llvm-gcc -o conftest -g -O2   conftest.c  >&5
configure:4876: $? = 0
configure:4876: result: yes
configure:4890: checking for deflate in -lz
configure:4915: llvm-gcc -o conftest -g -O2   conftest.c -lz   >&5
configure:4915: $? = 0
configure:4924: result: yes
configure:4936: result: Disabling HTML Compression support
configure:4964: result: Disabling Apache 1.3.x Module
configure:5033: result: Disabling python module
configure:5127: result: Disabling perl module
configure:5176: result: Disabling ruby module
configure:5222: result: Disabling java module
configure:5394: result: Disabling csharp module
configure:5597: creating ./config.status

## ---------------------- ##
## Running config.status. ##
## ---------------------- ##

This file was extended by config.status, which was
generated by GNU Autoconf 2.69.  Invocation command line was

  CONFIG_FILES    = 
  CONFIG_HEADERS  = 
  CONFIG_LINKS    = 
  CONFIG_COMMANDS = 
  $ ./config.status 

on JRMBP.local

config.status:867: creating rules.mk
config.status:970: WARNING:  'rules.mk.in' seems to ignore the --datarootdir setting
config.status:867: creating cs_config.h
config.status:1042: cs_config.h is unchanged

## ---------------- ##
## Cache variables. ##
## ---------------- ##

ac_cv_build=i386-apple-darwin18.7.0
ac_cv_c_compiler_gnu=yes
ac_cv_c_const=yes
ac_cv_env_CC_set=set
ac_cv_env_CC_value=llvm-gcc
ac_cv_env_CFLAGS_set=
ac_cv_env_CFLAGS_value=
ac_cv_env_CPPFLAGS_set=
ac_cv_env_CPPFLAGS_value=
ac_cv_env_CPP_set=
ac_cv_env_CPP_value=
ac_cv_env_LDFLAGS_set=
ac_cv_env_LDFLAGS_value=
ac_cv_env_LIBS_set=
ac_cv_env_LIBS_value=
ac_cv_env_build_alias_set=
ac_cv_env_build_alias_value=
ac_cv_env_host_alias_set=
ac_cv_env_host_alias_value=
ac_cv_env_target_alias_set=
ac_cv_env_target_alias_value=
ac_cv_func__doprnt=no
ac_cv_func_drand48=yes
ac_cv_func_gettimeofday=yes
ac_cv_func_gmtime_r=yes
ac_cv_func_localtime_r=yes
ac_cv_func_lockf=yes
ac_cv_func_mkstemp=yes
ac_cv_func_mktime=yes
ac_cv_func_putenv=yes
ac_cv_func_rand=yes
ac_cv_func_random=yes
ac_cv_func_regexec=yes
ac_cv_func_snprintf=yes
ac_cv_func_strerror=yes
ac_cv_func_strftime=yes
ac_cv_func_strspn=yes
ac_cv_func_strtod=yes
ac_cv_func_strtok_r=yes
ac_cv_func_strtol=yes
ac_cv_func_strtoul=yes
ac_cv_func_vprintf=yes
ac_cv_func_vsnprintf=yes
ac_cv_func_wait3_rusage=yes
ac_cv_header_dirent_dirent_h=yes
ac_cv_header_fcntl_h=yes
ac_cv_header_features_h=no
ac_cv_header_inttypes_h=yes
ac_cv_header_limits_h=yes
ac_cv_header_memory_h=yes
ac_cv_header_pthread_h=yes
ac_cv_header_stdarg_h=yes
ac_cv_header_stdc=yes
ac_cv_header_stdint_h=yes
ac_cv_header_stdlib_h=yes
ac_cv_header_string_h=yes
ac_cv_header_strings_h=yes
ac_cv_header_sys_ioctl_h=yes
ac_cv_header_sys_stat_h=yes
ac_cv_header_sys_time_h=yes
ac_cv_header_sys_types_h=yes
ac_cv_header_sys_wait_h=yes
ac_cv_header_time=yes
ac_cv_header_unistd_h=yes
ac_cv_header_varargs_h=no
ac_cv_host=i386-apple-darwin18.7.0
ac_cv_lib_z_deflate=yes
ac_cv_member_struct_tm_tm_zone=yes
ac_cv_objext=o
ac_cv_path_EGREP='/usr/bin/grep -E'
ac_cv_path_GREP=/usr/bin/grep
ac_cv_path_install='/usr/local/bin/ginstall -c'
ac_cv_prog_AR=ar
ac_cv_prog_CPP='llvm-gcc -E'
ac_cv_prog_ac_ct_CC=llvm-gcc
ac_cv_prog_ac_ct_RANLIB=ranlib
ac_cv_prog_cc_c89=
ac_cv_prog_cc_g=yes
ac_cv_prog_make_make_set=yes
ac_cv_search_opendir='none required'
ac_cv_struct_tm=time.h
ac_cv_type_mode_t=yes
ac_cv_type_off_t=yes
ac_cv_type_pid_t=yes
ac_cv_type_signal=void
ac_cv_type_size_t=yes
cs_cv_apache=no
cs_cv_apache_path=
cs_cv_compression=no
cs_cv_csharp=no
cs_cv_csharp_path=no
cs_cv_java=no
cs_cv_java_path=no
cs_cv_missing=no
cs_cv_need_reentrant=no
cs_cv_perl=no
cs_cv_perl_path=no
cs_cv_pthread=yes
cs_cv_python=no
cs_cv_python_path=no
cs_cv_regex=yes
cs_cv_ruby=no
cs_cv_ruby_path=no
cs_cv_snprintf=no
cs_cv_wdb=no

## ----------------- ##
## Output variables. ##
## ----------------- ##

APXS_PATH=''
AR='ar'
BUILD_WRAPPERS=''
CC='llvm-gcc'
CFLAGS='-g -O2'
CPP='llvm-gcc -E'
CPPFLAGS=''
CSHARP_PATH=''
DEFS='-DHAVE_CONFIG_H'
ECHO_C='\c'
ECHO_N=''
ECHO_T=''
EGREP='/usr/bin/grep -E'
EXEEXT=''
EXTRA_UTL_OBJS=''
EXTRA_UTL_SRC=' ulocks.c rcfs.c skiplist.c dict.c filter.c neo_net.c neo_server.c'
GREP='/usr/bin/grep'
INSTALL_DATA='${INSTALL} -m 644'
INSTALL_PROGRAM='${INSTALL}'
INSTALL_SCRIPT='${INSTALL}'
JAVA_INCLUDE_PATH=''
JAVA_PATH=''
LDFLAGS=''
LIBOBJS=''
LIBS=''
LN_S='ln -s'
LTLIBOBJS=''
OBJEXT='o'
PACKAGE_BUGREPORT=''
PACKAGE_NAME=''
PACKAGE_STRING=''
PACKAGE_TARNAME=''
PACKAGE_URL=''
PACKAGE_VERSION=''
PATH_SEPARATOR=':'
PERL=''
PYTHON=''
PYTHON_INC=''
PYTHON_LIB=''
PYTHON_SITE=''
RANLIB='ranlib'
RUBY=''
SET_MAKE=''
SHELL='/bin/sh'
USE_MINGW32=''
_ACJNI_JAVAC=''
ac_ct_CC='llvm-gcc'
bindir='${exec_prefix}/bin'
build='i386-apple-darwin18.7.0'
build_alias=''
build_cpu='i386'
build_os='darwin18.7.0'
build_vendor='apple'
datadir='${datarootdir}'
datarootdir='${prefix}/share'
docdir='${datarootdir}/doc/${PACKAGE}'
dvidir='${docdir}'
exec_prefix='${prefix}'
host='i386-apple-darwin18.7.0'
host_alias=''
host_cpu='i386'
host_os='darwin18.7.0'
host_vendor='apple'
htmldir='${docdir}'
includedir='${prefix}/include'
infodir='${datarootdir}/info'
libdir='${exec_prefix}/lib'
libexecdir='${exec_prefix}/libexec'
localedir='${datarootdir}/locale'
localstatedir='${prefix}/var'
mandir='${datarootdir}/man'
oldincludedir='/usr/include'
pdfdir='${docdir}'
prefix='/usr/local'
program_transform_name='s,x,x,'
psdir='${docdir}'
sbindir='${exec_prefix}/sbin'
sharedstatedir='${prefix}/com'
sysconfdir='${prefix}/etc'
target_alias=''

## ----------- ##
## confdefs.h. ##
## ----------- ##

/* confdefs.h */
#define PACKAGE_NAME ""
#define PACKAGE_TARNAME ""
#define PACKAGE_VERSION ""
#define PACKAGE_STRING ""
#define PACKAGE_BUGREPORT ""
#define PACKAGE_URL ""
#define HAVE_DIRENT_H 1
#define STDC_HEADERS 1
#define HAVE_SYS_WAIT_H 1
#define HAVE_SYS_TYPES_H 1
#define HAVE_SYS_STAT_H 1
#define HAVE_STDLIB_H 1
#define HAVE_STRING_H 1
#define HAVE_MEMORY_H 1
#define HAVE_STRINGS_H 1
#define HAVE_INTTYPES_H 1
#define HAVE_STDINT_H 1
#define HAVE_UNISTD_H 1
#define HAVE_FCNTL_H 1
#define HAVE_STDARG_H 1
#define HAVE_LIMITS_H 1
#define HAVE_STRINGS_H 1
#define HAVE_SYS_IOCTL_H 1
#define HAVE_SYS_TIME_H 1
#define HAVE_UNISTD_H 1
#define TIME_WITH_SYS_TIME 1
#define HAVE_STRUCT_TM_TM_ZONE 1
#define HAVE_TM_ZONE 1
#define RETSIGTYPE void
#define HAVE_STRFTIME 1
#define HAVE_VPRINTF 1
#define HAVE_WAIT3 1
#define HAVE_GETTIMEOFDAY 1
#define HAVE_MKTIME 1
#define HAVE_PUTENV 1
#define HAVE_STRERROR 1
#define HAVE_STRSPN 1
#define HAVE_STRTOD 1
#define HAVE_STRTOL 1
#define HAVE_STRTOUL 1
#define HAVE_RANDOM 1
#define HAVE_RAND 1
#define HAVE_DRAND48 1
#define HAVE_LOCKF 1
#define HAVE_PTHREADS 1
#define HAVE_SNPRINTF 1
#define HAVE_VSNPRINTF 1
#define HAVE_LOCALTIME_R 1
#define HAVE_LOCALTIME_R 1
#define HAVE_GMTIME_R 1
#define HAVE_GMTIME_R 1
#define HAVE_STRTOK_R 1
#define HAVE_STRTOK_R 1
#define HAVE_MKSTEMP 1
#define HAVE_REGEX 1

configure: exit 0
